2

S 0 _ -> SET_FIRST_OPEN_BRACKET 0 < _ <
S 1 _ -> SET_FIRST_OPEN_BRACKET 1 < _ <
S ( _ -> SET_FIRST_OPEN_BRACKET ( < _ <

SET_FIRST_OPEN_BRACKET _ _ -> RUN ( ^ _ ^

RUN 0 _ -> RUN _ > 0 >
RUN 1 _ -> RUN _ > 1 >
RUN a _ -> RUN _ > a >
RUN o _ -> RUN _ > o >
RUN ( _ -> RUN _ > ( >
RUN ) _ -> SOLVE_BLOCK _ ^ ! <
RUN _ _ -> SOLVE_BLOCK _ ^ # <

SOLVE_BLOCK _ 1 -> SOLVE_BLOCK 1 ^ _ <
SOLVE_BLOCK _ 0 -> SOLVE_BLOCK 0 ^ _ <
SOLVE_BLOCK 1 a -> SOLVE_AND 1 ^ _ <
SOLVE_BLOCK 0 a -> SOLVE_AND 0 ^ _ <
SOLVE_BLOCK 1 o -> SOLVE_BLOCK _ ^ 1 <
SOLVE_BLOCK 0 o -> SOLVE_BLOCK _ ^ _ <
SOLVE_BLOCK 1 _ -> SOLVE_BLOCK 1 ^ _ <
SOLVE_BLOCK 0 _ -> SOLVE_BLOCK 0 ^ _ <
SOLVE_BLOCK 1 ( -> SOLVE_OR 1 ^ _ >
SOLVE_BLOCK 0 ( -> SOLVE_OR 0 ^ _ >

SOLVE_AND 1 1 -> SOLVE_BLOCK _ ^ 1 ^
SOLVE_AND 1 0 -> SOLVE_BLOCK _ ^ 0 ^
SOLVE_AND 0 1 -> SOLVE_BLOCK _ ^ 0 ^
SOLVE_AND 0 0 -> SOLVE_BLOCK _ ^ 0 ^

SOLVE_OR 1 1 -> SOLVE_OR 1 ^ _ >
SOLVE_OR 1 0 -> SOLVE_OR 1 ^ _ >
SOLVE_OR 0 1 -> SOLVE_OR 1 ^ _ >
SOLVE_OR 0 0 -> SOLVE_OR 0 ^ _ >
SOLVE_OR 1 _ -> SOLVE_OR 1 ^ _ >
SOLVE_OR 0 _ -> SOLVE_OR 0 ^ _ >
SOLVE_OR 0 ! -> RUN _ > 0 >
SOLVE_OR 1 ! -> RUN _ > 1 >
SOLVE_OR 0 # -> AC 0 ^ _ ^
SOLVE_OR 1 # -> AC 1 ^ _ ^